(C) 2022-08-09T07:14:51 - File sizes mismatch for torrent '+++ [FHD] DASS-036 女体化した俺は親友に求められるがまま、受け入れて、心も女になっていた。 篠田ゆう'. Cannot proceed further.
(N) 2022-08-09T07:14:51 - '+++ [FHDC] FSDSS-405 男だらけの大家族を支える献身的なお姉ちゃんのちょっと狂った日常性活 天使もえ' restored.
(C) 2022-08-09T07:14:51 - File sizes mismatch for torrent '+++ [FHDC] FSDSS-405 男だらけの大家族を支える献身的なお姉ちゃんのちょっと狂った日常性活 天使もえ'. Cannot proceed further.
(N) 2022-08-09T07:14:51 - '+++ [HD] SSIS-269 最高峰Jcupセラピスト‘安齋らら’の神の乳ご奉仕メンズエステ' restored.
(C) 2022-08-09T07:14:51 - File sizes mismatch for torrent '+++ [HD] SSIS-269 最高峰Jcupセラピスト‘安齋らら’の神の乳ご奉仕メンズエステ'. Cannot proceed further.
(N) 2022-08-09T07:14:51 - '+++ [FHD] FSDSS-418 ゴミ部屋に住む隣のキモ中年に悪臭チ○ポで寝取られアクメ交尾され続けた私。天使もえ' restored.
(C) 2022-08-09T07:14:51 - File sizes mismatch for torrent '+++ [FHD] FSDSS-418 ゴミ部屋に住む隣のキモ中年に悪臭チ○ポで寝取られアクメ交尾され続けた私。天使もえ'. Cannot proceed further.
(N) 2022-08-09T07:14:51 - '+++ [HD] FSDSS-304 彼氏と一緒に働いているバイト先の大嫌いなオジさんの粘着愛撫セックスでアクメる二人きりのコンビニ夜勤 橋本ありな' restored.
(C) 2022-08-09T07:14:51 - File sizes mismatch for torrent '+++ [HD] FSDSS-304 彼氏と一緒に働いているバイト先の大嫌いなオジさんの粘着愛撫セックスでアクメる二人きりのコンビニ夜勤 橋本ありな'. Cannot proceed further.
(N) 2022-08-09T07:14:51 - '+++ [HD] FSDSS-335 「わたしの言うとおりにシコってね…」橋本ありなの超快感JOI！何度もヌケるASMR小悪魔ちんこきアシスト' restored.
(C) 2022-08-09T07:14:51 - File sizes mismatch for torrent '+++ [HD] FSDSS-335 「わたしの言うとおりにシコってね…」橋本ありなの超快感JOI！何度もヌケるASMR小悪魔ちんこきアシスト'. Cannot proceed further.
(N) 2022-08-09T07:14:51 - '+++ [FHD] JUQ-056 待ち合わせ場所に居たのはまさかのゆうさん…。 マッチングアプリで出会った隣家の高慢妻を僕専用！！いいなり中出しペットにした話。 篠田ゆう' restored.
(C) 2022-08-09T07:14:51 - File sizes mismatch for torrent '+++ [FHD] JUQ-056 待ち合わせ場所に居たのはまさかのゆうさん…。 マッチングアプリで出会った隣家の高慢妻を僕専用！！いいなり中出しペットにした話。 篠田ゆう'. Cannot proceed further.
(N) 2022-08-09T07:14:51 - '+++ [FHDC] JUL-948 好きになるのに1秒もかからない人妻、マドンナ専属『第2章』―。 汗と愛液にまみれながら無我夢中で舌を絡める接吻性交 高坂ニナ' restored.
(C) 2022-08-09T07:14:51 - File sizes mismatch for torrent '+++ [FHDC] JUL-948 好きになるのに1秒もかからない人妻、マドンナ専属『第2章』―。 汗と愛液にまみれながら無我夢中で舌を絡める接吻性交 高坂ニナ'. Cannot proceed further.
(N) 2022-08-09T07:14:51 - '[Uncensored] [1080p] [BOOTLEG] Broken Things Risa Plus The Animation' restored.
(C) 2022-08-09T07:14:51 - File sizes mismatch for torrent '[Uncensored] [1080p] [BOOTLEG] Broken Things Risa Plus The Animation'. Cannot proceed further.
(N) 2022-08-09T07:14:51 - '+++ [FHD] FSDSS-451 敗北の乱交同窓会 ずっと好きだった野球部の元女子マネは僕以外とヤリまくっていた超ビッチ。天使もえ' restored.
(C) 2022-08-09T07:14:51 - File sizes mismatch for torrent '+++ [FHD] FSDSS-451 敗北の乱交同窓会 ずっと好きだった野球部の元女子マネは僕以外とヤリまくっていた超ビッチ。天使もえ'. Cannot proceed further.
(N) 2022-08-09T07:14:51 - '+++ [FHD] SSIS-390 交わる体液、濃密セックス 完全ノーカットスペシャル つばさ舞' restored.
(C) 2022-08-09T07:14:51 - File sizes mismatch for torrent '+++ [FHD] SSIS-390 交わる体液、濃密セックス 完全ノーカットスペシャル つばさ舞'. Cannot proceed further.
(N) 2022-08-09T07:14:51 - '[VCB-Studio] Kaifuku Jutsushi no Yarinaoshi [Ma10p_1080p]' restored.
(N) 2022-08-09T07:14:51 - '+++ [FHD] SSIS-473 セックスシンボル うんぱい エロス覚醒スペシャル 人生一番の大・失・禁ノンストップ' restored.
(C) 2022-08-09T07:14:51 - File sizes mismatch for torrent '+++ [FHD] SSIS-473 セックスシンボル うんぱい エロス覚醒スペシャル 人生一番の大・失・禁ノンストップ'. Cannot proceed further.
(N) 2022-08-09T07:14:51 - 'MXSPS-684' restored.
(C) 2022-08-09T07:14:51 - File sizes mismatch for torrent 'MXSPS-684'. Cannot proceed further.
(N) 2022-08-09T07:14:51 - '+++ [FHD] IPX-470 綺麗なお姉さんと布団の中で二人きり…ねっとり感じ合う密着スロー中出し性交 岬ななみ' restored.
(C) 2022-08-09T07:14:51 - File sizes mismatch for torrent '+++ [FHD] IPX-470 綺麗なお姉さんと布団の中で二人きり…ねっとり感じ合う密着スロー中出し性交 岬ななみ'. Cannot proceed further.
(N) 2022-08-09T07:14:51 - '+++ [FHD] IQQQ-34 声が出せない絶頂授業で10倍濡れる人妻教師 篠田ゆう' restored.
(C) 2022-08-09T07:14:51 - File sizes mismatch for torrent '+++ [FHD] IQQQ-34 声が出せない絶頂授業で10倍濡れる人妻教師 篠田ゆう'. Cannot proceed further.
(N) 2022-08-09T07:14:51 - '+++ [FHDC] FSDSS-408 家庭教師のありな先生が勉強中に耳もとで淫語を囁きながら乳首をいじくり回してくるのでもっとバカになりそうです…橋本ありな' restored.
(C) 2022-08-09T07:14:51 - File sizes mismatch for torrent '+++ [FHDC] FSDSS-408 家庭教師のありな先生が勉強中に耳もとで淫語を囁きながら乳首をいじくり回してくるのでもっとバカになりそうです…橋本ありな'. Cannot proceed further.
(N) 2022-08-09T07:14:51 - 'SSIS-469' restored.
(C) 2022-08-09T07:14:51 - File sizes mismatch for torrent 'SSIS-469'. Cannot proceed further.
(N) 2022-08-09T07:14:51 - '+++ [HD] ABW-220 【プレステージ20周年特別企画】月曜から中出し【観れば必ず女性をイカせられる！「涼森れむ」が完全講義 本当に気持ちいいセックス(MGS動画限定！特典映像)】' restored.
(C) 2022-08-09T07:14:51 - File sizes mismatch for torrent '+++ [HD] ABW-220 【プレステージ20周年特別企画】月曜から中出し【観れば必ず女性をイカせられる！「涼森れむ」が完全講義 本当に気持ちいいセックス(MGS動画限定！特典映像)】'. Cannot proceed further.
(N) 2022-08-09T07:14:51 - '+++ [FHD] ABW-254 からかい上手の涼森さん。 いつも僕を弄ぶ涼森さんと青春イチャラブ3本番！！ 涼森れむ' restored.
(C) 2022-08-09T07:14:51 - File sizes mismatch for torrent '+++ [FHD] ABW-254 からかい上手の涼森さん。 いつも僕を弄ぶ涼森さんと青春イチャラブ3本番！！ 涼森れむ'. Cannot proceed further.
(N) 2022-08-09T07:14:51 - '+++ [HD] DLDSS-019 こんなピンクの乳首見たことない！近所の人妻さんの浮きブラ乳首に即勃起してしまった僕 七海ティナ' restored.
(C) 2022-08-09T07:14:51 - File sizes mismatch for torrent '+++ [HD] DLDSS-019 こんなピンクの乳首見たことない！近所の人妻さんの浮きブラ乳首に即勃起してしまった僕 七海ティナ'. Cannot proceed further.
(N) 2022-08-09T07:14:51 - '+++ [HD Uncensored] MIMK-082 ど～してもこのカラダとヤリたい！！ というわけで、全裸で母さんにお願いしてみた。 篠田ゆう' restored.
(C) 2022-08-09T07:14:51 - File sizes mismatch for torrent '+++ [HD Uncensored] MIMK-082 ど～してもこのカラダとヤリたい！！ というわけで、全裸で母さんにお願いしてみた。 篠田ゆう'. Cannot proceed further.
(N) 2022-08-09T07:14:51 - '+++ [FHD] SSIS-459 性格もカラダもSEXも最高な愛人とハメ狂うお泊まり温泉不倫旅行 つばさ舞' restored.
(C) 2022-08-09T07:14:51 - File sizes mismatch for torrent '+++ [FHD] SSIS-459 性格もカラダもSEXも最高な愛人とハメ狂うお泊まり温泉不倫旅行 つばさ舞'. Cannot proceed further.
(N) 2022-08-09T07:14:51 - '+++ [FHD] ABW-265 軽蔑する上司に出張先の相部屋で媚薬を盛られて…ブッ壊れキメセク結婚直前NTR 涼森れむ【女性のタイプ別でイカせられる！「涼森れむ」が講義 本当に気持ちいいセックス(MGS動画限定！特典映像)】' restored.
(C) 2022-08-09T07:14:51 - File sizes mismatch for torrent '+++ [FHD] ABW-265 軽蔑する上司に出張先の相部屋で媚薬を盛られて…ブッ壊れキメセク結婚直前NTR 涼森れむ【女性のタイプ別でイカせられる！「涼森れむ」が講義 本当に気持ちいいセックス(MGS動画限定！特典映像)】'. Cannot proceed further.
(N) 2022-08-09T07:14:51 - 'SSIS-448' restored.
(C) 2022-08-09T07:14:51 - File sizes mismatch for torrent 'SSIS-448'. Cannot proceed further.
(N) 2022-08-09T07:14:51 - '+++ MIDV-099 引退 Gカップ完璧ボディAVで最後の性交 高橋しょう子' restored.
(C) 2022-08-09T07:14:51 - File sizes mismatch for torrent '+++ MIDV-099 引退 Gカップ完璧ボディAVで最後の性交 高橋しょう子'. Cannot proceed further.
(N) 2022-08-09T07:14:51 - '+++ [HD] IPX-781 美人家庭教師ななみ先生の接吻レクチャー個人レッスン 岬ななみ' restored.
(C) 2022-08-09T07:14:51 - File sizes mismatch for torrent '+++ [HD] IPX-781 美人家庭教師ななみ先生の接吻レクチャー個人レッスン 岬ななみ'. Cannot proceed further.
(N) 2022-08-09T07:14:51 - '+++ [FHD] VAGU-247 催●人妻洗脳NTR中出し ムカつく隣り妻を催●術で性奴●にした俺 夫の前で見知らぬ他人の男根に欲情した私 君島みお' restored.
(C) 2022-08-09T07:14:51 - File sizes mismatch for torrent '+++ [FHD] VAGU-247 催●人妻洗脳NTR中出し ムカつく隣り妻を催●術で性奴●にした俺 夫の前で見知らぬ他人の男根に欲情した私 君島みお'. Cannot proceed further.
(N) 2022-08-09T07:14:51 - '+++ [HD] FSDSS-320 腰が砕けても逃がさない！ひたすら膣奥を貫く強●立ちバックハンドル 橋本ありな' restored.
(C) 2022-08-09T07:14:51 - File sizes mismatch for torrent '+++ [HD] FSDSS-320 腰が砕けても逃がさない！ひたすら膣奥を貫く強●立ちバックハンドル 橋本ありな'. Cannot proceed further.
(N) 2022-08-09T07:14:51 - '+++ [FHDC] SSIS-335 見た目もセックスも最高な愛人とハメ狂うお泊まり温泉不倫旅行 小宵こなん' restored.
(C) 2022-08-09T07:14:51 - File sizes mismatch for torrent '+++ [FHDC] SSIS-335 見た目もセックスも最高な愛人とハメ狂うお泊まり温泉不倫旅行 小宵こなん'. Cannot proceed further.
(N) 2022-08-09T07:14:51 - '+++ [FHD] VEMA-185 ノーパン出勤がバレて性社畜と化した美人上司と精子尽きるまで絡み合う濃厚中出し性交 君島みお' restored.
(C) 2022-08-09T07:14:51 - File sizes mismatch for torrent '+++ [FHD] VEMA-185 ノーパン出勤がバレて性社畜と化した美人上司と精子尽きるまで絡み合う濃厚中出し性交 君島みお'. Cannot proceed further.
(N) 2022-08-09T07:14:51 - 'FSDSS-437' restored.
(C) 2022-08-09T07:14:51 - File sizes mismatch for torrent 'FSDSS-437'. Cannot proceed further.
(N) 2022-08-09T07:14:51 - '+++ [HD] IPX-763 犯●れやすいカラダ… 凌●された事実を義父に強請られ犯●れ続ける汗だくヨガインストラクター妻 岬ななみ' restored.
(C) 2022-08-09T07:14:51 - File sizes mismatch for torrent '+++ [HD] IPX-763 犯●れやすいカラダ… 凌●された事実を義父に強請られ犯●れ続ける汗だくヨガインストラクター妻 岬ななみ'. Cannot proceed further.
(N) 2022-08-09T07:14:51 - '+++ [FHD] JUL-948 好きになるのに1秒もかからない人妻、マドンナ専属『第2章』―。 汗と愛液にまみれながら無我夢中で舌を絡める接吻性交 高坂ニナ' restored.
(C) 2022-08-09T07:14:51 - File sizes mismatch for torrent '+++ [FHD] JUL-948 好きになるのに1秒もかからない人妻、マドンナ専属『第2章』―。 汗と愛液にまみれながら無我夢中で舌を絡める接吻性交 高坂ニナ'. Cannot proceed further.
(N) 2022-08-09T07:14:51 - 'Broken Things Risa THE ANIMATION (コワレモノ:璃沙 THE ANIMATION) [UNCEN][DLrip 1920x1080] - English softsubs / Kowaremono: Risa The Animation' restored.
(C) 2022-08-09T07:14:51 - File sizes mismatch for torrent 'Broken Things Risa THE ANIMATION (コワレモノ:璃沙 THE ANIMATION) [UNCEN][DLrip 1920x1080] - English softsubs / Kowaremono: Risa The Animation'. Cannot proceed further.
(I) 2022-08-09T07:14:54 - Detected external IP: 86.48.13.141
(C) 2022-08-09T07:17:26 - UPnP/NAT-PMP: Port mapping failure, message: could not map port using UPnP[10.5.0.2]: no router found
(C) 2022-08-09T07:17:26 - UPnP/NAT-PMP: Port mapping failure, message: could not map port using UPnP[10.5.0.2]: no router found
(C) 2022-08-09T08:41:05 - File sizes mismatch for torrent '+++ [FHD] SSIS-414 小宵こなん10変化 極上オナニーサポート'. Cannot proceed further.
(C) 2022-08-09T08:41:05 - File sizes mismatch for torrent '+++ [FHD] SSIS-441 M男クンのお宅に‘小宵こなん’が緊急突撃！ アドリブ全開で痴女っちゃうHcupお姉さんの1日6発射精ドキュメント'. Cannot proceed further.
(C) 2022-08-09T08:41:05 - File sizes mismatch for torrent 'SSIS-468'. Cannot proceed further.
(C) 2022-08-09T08:41:05 - File sizes mismatch for torrent '+++ [FHD] STARS-685 小湊よつ葉 AV DEBUT'. Cannot proceed further.
(C) 2022-08-09T08:41:05 - File sizes mismatch for torrent '+++ [FHD] ABW-244 スズモリ無双 ノンストップ12P乱交&究極の1対1SEX 涼森れむがかつてない暴走 過去最強SEX【MGSだけのおまけ映像付き+15分】'. Cannot proceed further.
(C) 2022-08-09T08:41:05 - File sizes mismatch for torrent 'SSIS-469'. Cannot proceed further.
(C) 2022-08-09T08:41:05 - File sizes mismatch for torrent 'SOAN-077'. Cannot proceed further.
(C) 2022-08-09T08:41:05 - File sizes mismatch for torrent '+++ [FHD] STARS-617 MINAMOにいきなり逆ナン痴女られ！連射＆男潮＆中出し犯●れて…悶絶焦らしで誘惑された俺たち'. Cannot proceed further.
